20:53:28.507 2625 [main] INFO  P.B.B.J.L.U.A.G.TestingGetterdanSetter - 00001
20:54:08.935 1206 [main] INFO  P.B.B.J.L.U.A.G.TestingGetterdanSetter - 00001
20:54:08.937 1208 [main] INFO  P.B.B.J.L.U.A.G.TestingGetterdanSetter - AUDYARI W
21:03:30.584 1658 [main] INFO  P.B.B.J.L.U.A.G.TestingGetterdanSetter - 00001
21:03:30.586 1660 [main] INFO  P.B.B.J.L.U.A.G.TestingGetterdanSetter - AUDYARI W
21:04:04.958 1195 [main] INFO  P.B.B.J.L.U.A.G.TestingGetterdanSetter - 00002
21:04:04.961 1198 [main] INFO  P.B.B.J.L.U.A.G.TestingGetterdanSetter - AUDYARI W
21:12:49.626 1346 [main] INFO  P.B.B.J.L.U.A.G.TestingGetterdanSetter - 00002
21:12:49.629 1349 [main] INFO  P.B.B.J.L.U.A.G.TestingGetterdanSetter - AUDYARI W
21:13:38.447 705  [main] INFO  P.B.B.J.L.U.A.G.cobatest - 00002
21:13:38.450 708  [main] INFO  P.B.B.J.L.U.A.G.cobatest - AUDYARI W
21:14:42.038 790  [main] INFO  P.B.B.J.L.U.A.G.cobatest - 00002
21:14:42.041 793  [main] INFO  P.B.B.J.L.U.A.G.cobatest - AUDYARI W
21:23:44.975 1144 [main] INFO  P.B.B.J.L.U.A.G.testingProtektedSetter - ASEP
21:23:44.978 1147 [main] INFO  P.B.B.J.L.U.A.G.testingProtektedSetter - ASEP
21:43:46.246 1094 [main] INFO  P.B.B.J.L.U.A.G.testingProtektedSetter - ASEP
21:43:46.249 1097 [main] INFO  P.B.B.J.L.U.A.G.testingProtektedSetter - ASEP
22:52:14.022 1469 [main] INFO  P.B.B.J.L.U.D.E.CustomerDTest - 66166084
22:52:14.077 1524 [main] INFO  P.B.B.J.L.U.D.E.CustomerDTest - 66166084
22:52:14.077 1524 [main] INFO  P.B.B.J.L.U.D.E.CustomerDTest - 2882740
22:53:55.652 1208 [main] INFO  P.B.B.J.L.U.D.E.CustomerDTest - 66166084
22:53:55.655 1211 [main] INFO  P.B.B.J.L.U.D.E.CustomerDTest - 66166084
22:53:55.655 1211 [main] INFO  P.B.B.J.L.U.D.E.CustomerDTest - 2882740
22:53:55.655 1211 [main] INFO  P.B.B.J.L.U.D.E.CustomerDTest - true
23:00:52.313 1201 [main] INFO  P.B.B.J.L.U.D.E.CustomerDTest - 47724
23:00:52.317 1205 [main] INFO  P.B.B.J.L.U.D.E.CustomerDTest - 47724
23:01:47.909 1246 [main] INFO  P.B.B.J.L.U.D.E.CustomerDTest - 66166084
23:01:47.913 1250 [main] INFO  P.B.B.J.L.U.D.E.CustomerDTest - 2897698
23:02:29.502 1095 [main] INFO  P.B.B.J.L.U.D.E.CustomerDTest - 47724
23:02:29.504 1097 [main] INFO  P.B.B.J.L.U.D.E.CustomerDTest - 47724
